<?xml version="1.0" encoding="UTF-8"?>
<!-- Generated by org.testng.reporters.JUnitReportReporter -->
<testsuite skipped="0" hostname="DESKTOP-5GI3OCP" name="com.tests.HomePageTest" tests="1" failures="0" timestamp="01 Mar 2022 21:17:37 GMT" time="16.279" errors="0">
  <testcase name="verifyMyaccountLinkTest" time="16.279" classname="com.tests.HomePageTest"/>
</testsuite> <!-- com.tests.HomePageTest -->
